2023-08-23 16:13:09 INFO::Writing function arguments to log file
2023-08-23 16:13:09 DEBUG::Function arguments
2023-08-23 16:13:09 DEBUG::Output folder: Macarron_output/maaslin2_results
2023-08-23 16:13:09 DEBUG::Min Abundance: 0.000000
2023-08-23 16:13:09 DEBUG::Min Prevalence: 0.000000
2023-08-23 16:13:09 DEBUG::Normalization: NONE
2023-08-23 16:13:09 DEBUG::Transform: NONE
2023-08-23 16:13:09 DEBUG::Analysis method: LM
2023-08-23 16:13:09 DEBUG::Max significance: 0.250000
2023-08-23 16:13:09 DEBUG::Random effects:
2023-08-23 16:13:09 DEBUG::Fixed effects:
2023-08-23 16:13:09 DEBUG::Correction method: BH
2023-08-23 16:13:09 DEBUG::Standardize: TRUE
2023-08-23 16:13:09 DEBUG::Cores: 1
2023-08-23 16:13:09 INFO::Verifying options selected are valid
2023-08-23 16:13:09 INFO::Determining format of input files
2023-08-23 16:13:09 INFO::Input format is data samples as columns and metadata samples as rows
2023-08-23 16:13:09 DEBUG::Transformed data so samples are rows
2023-08-23 16:13:09 DEBUG::A total of 102 samples were found in both the data and metadata
2023-08-23 16:13:09 DEBUG::Reordering data/metadata to use same sample ordering
2023-08-23 16:13:09 INFO::Formula for fixed effects: expr ~  diagnosis + age + antibiotics
2023-08-23 16:13:09 INFO::Filter data based on min abundance and min prevalence
2023-08-23 16:13:09 INFO::Total samples in data: 102
2023-08-23 16:13:09 INFO::Min samples required with min abundance for a feature not to be filtered: 0.000000
2023-08-23 16:13:09 INFO::Total filtered features: 0
2023-08-23 16:13:09 INFO::Filtered feature names from abundance and prevalence filtering:
2023-08-23 16:13:09 INFO::Total filtered features with variance filtering: 0
2023-08-23 16:13:09 INFO::Filtered feature names from variance filtering:
2023-08-23 16:13:09 INFO::Running selected normalization method: NONE
2023-08-23 16:13:09 INFO::Applying z-score to standardize continuous metadata
2023-08-23 16:13:09 INFO::Running selected transform method: NONE
2023-08-23 16:13:09 INFO::Running selected analysis method: LM
2023-08-23 16:13:09 INFO::Fitting model to feature number 1, F1
2023-08-23 16:13:09 INFO::Fitting model to feature number 2, F2
2023-08-23 16:13:09 INFO::Fitting model to feature number 3, F3
2023-08-23 16:13:09 INFO::Fitting model to feature number 4, F4
2023-08-23 16:13:09 INFO::Fitting model to feature number 5, F5
2023-08-23 16:13:09 INFO::Fitting model to feature number 6, F6
2023-08-23 16:13:09 INFO::Fitting model to feature number 7, F7
2023-08-23 16:13:09 INFO::Fitting model to feature number 8, F8
2023-08-23 16:13:09 INFO::Fitting model to feature number 9, F9
2023-08-23 16:13:09 INFO::Fitting model to feature number 10, F10
2023-08-23 16:13:09 INFO::Fitting model to feature number 11, F11
2023-08-23 16:13:09 INFO::Fitting model to feature number 12, F12
2023-08-23 16:13:09 INFO::Fitting model to feature number 13, F13
2023-08-23 16:13:09 INFO::Fitting model to feature number 14, F14
2023-08-23 16:13:09 INFO::Fitting model to feature number 15, F15
2023-08-23 16:13:09 INFO::Fitting model to feature number 16, F16
2023-08-23 16:13:09 INFO::Fitting model to feature number 17, F17
2023-08-23 16:13:09 INFO::Fitting model to feature number 18, F18
2023-08-23 16:13:09 INFO::Fitting model to feature number 19, F19
2023-08-23 16:13:09 INFO::Fitting model to feature number 20, F20
2023-08-23 16:13:09 INFO::Fitting model to feature number 21, F21
2023-08-23 16:13:09 INFO::Fitting model to feature number 22, F22
2023-08-23 16:13:09 INFO::Fitting model to feature number 23, F23
2023-08-23 16:13:09 INFO::Fitting model to feature number 24, F24
2023-08-23 16:13:09 INFO::Fitting model to feature number 25, F25
2023-08-23 16:13:09 INFO::Fitting model to feature number 26, F26
2023-08-23 16:13:09 INFO::Fitting model to feature number 27, F27
2023-08-23 16:13:09 INFO::Fitting model to feature number 28, F28
2023-08-23 16:13:09 INFO::Fitting model to feature number 29, F29
2023-08-23 16:13:09 INFO::Fitting model to feature number 30, F30
2023-08-23 16:13:09 INFO::Fitting model to feature number 31, F31
2023-08-23 16:13:09 INFO::Fitting model to feature number 32, F32
2023-08-23 16:13:09 INFO::Fitting model to feature number 33, F33
2023-08-23 16:13:09 INFO::Fitting model to feature number 34, F34
2023-08-23 16:13:09 INFO::Fitting model to feature number 35, F35
2023-08-23 16:13:09 INFO::Fitting model to feature number 36, F36
2023-08-23 16:13:09 INFO::Fitting model to feature number 37, F37
2023-08-23 16:13:09 INFO::Fitting model to feature number 38, F38
2023-08-23 16:13:09 INFO::Fitting model to feature number 39, F39
2023-08-23 16:13:09 INFO::Fitting model to feature number 40, F40
2023-08-23 16:13:09 INFO::Fitting model to feature number 41, F41
2023-08-23 16:13:09 INFO::Fitting model to feature number 42, F43
2023-08-23 16:13:09 INFO::Fitting model to feature number 43, F44
2023-08-23 16:13:09 INFO::Fitting model to feature number 44, F45
2023-08-23 16:13:09 INFO::Fitting model to feature number 45, F46
2023-08-23 16:13:09 INFO::Fitting model to feature number 46, F47
2023-08-23 16:13:09 INFO::Fitting model to feature number 47, F48
2023-08-23 16:13:09 INFO::Fitting model to feature number 48, F49
2023-08-23 16:13:09 INFO::Fitting model to feature number 49, F50
2023-08-23 16:13:09 INFO::Fitting model to feature number 50, F51
2023-08-23 16:13:09 INFO::Fitting model to feature number 51, F52
2023-08-23 16:13:09 INFO::Fitting model to feature number 52, F53
2023-08-23 16:13:09 INFO::Fitting model to feature number 53, F54
2023-08-23 16:13:09 INFO::Fitting model to feature number 54, F55
2023-08-23 16:13:09 INFO::Fitting model to feature number 55, F56
2023-08-23 16:13:09 INFO::Fitting model to feature number 56, F57
2023-08-23 16:13:09 INFO::Fitting model to feature number 57, F58
2023-08-23 16:13:09 INFO::Fitting model to feature number 58, F59
2023-08-23 16:13:09 INFO::Fitting model to feature number 59, F60
2023-08-23 16:13:09 INFO::Fitting model to feature number 60, F63
2023-08-23 16:13:09 INFO::Fitting model to feature number 61, F64
2023-08-23 16:13:09 INFO::Fitting model to feature number 62, F65
2023-08-23 16:13:09 INFO::Fitting model to feature number 63, F66
2023-08-23 16:13:09 INFO::Fitting model to feature number 64, F67
2023-08-23 16:13:09 INFO::Fitting model to feature number 65, F68
2023-08-23 16:13:09 INFO::Fitting model to feature number 66, F69
2023-08-23 16:13:09 INFO::Fitting model to feature number 67, F70
2023-08-23 16:13:09 INFO::Fitting model to feature number 68, F71
2023-08-23 16:13:09 INFO::Fitting model to feature number 69, F72
2023-08-23 16:13:09 INFO::Fitting model to feature number 70, F73
2023-08-23 16:13:09 INFO::Fitting model to feature number 71, F74
2023-08-23 16:13:09 INFO::Fitting model to feature number 72, F76
2023-08-23 16:13:09 INFO::Fitting model to feature number 73, F77
2023-08-23 16:13:09 INFO::Fitting model to feature number 74, F78
2023-08-23 16:13:09 INFO::Fitting model to feature number 75, F79
2023-08-23 16:13:09 INFO::Fitting model to feature number 76, F80
2023-08-23 16:13:09 INFO::Fitting model to feature number 77, F81
2023-08-23 16:13:09 INFO::Fitting model to feature number 78, F82
2023-08-23 16:13:09 INFO::Fitting model to feature number 79, F83
2023-08-23 16:13:09 INFO::Fitting model to feature number 80, F84
2023-08-23 16:13:09 INFO::Fitting model to feature number 81, F85
2023-08-23 16:13:09 INFO::Fitting model to feature number 82, F86
2023-08-23 16:13:09 INFO::Fitting model to feature number 83, F87
2023-08-23 16:13:09 INFO::Fitting model to feature number 84, F88
2023-08-23 16:13:09 INFO::Fitting model to feature number 85, F89
2023-08-23 16:13:09 INFO::Fitting model to feature number 86, F90
2023-08-23 16:13:09 INFO::Fitting model to feature number 87, F91
2023-08-23 16:13:09 INFO::Fitting model to feature number 88, F92
2023-08-23 16:13:09 INFO::Fitting model to feature number 89, F93
2023-08-23 16:13:09 INFO::Fitting model to feature number 90, F94
2023-08-23 16:13:09 INFO::Fitting model to feature number 91, F95
2023-08-23 16:13:09 INFO::Fitting model to feature number 92, F96
2023-08-23 16:13:09 INFO::Fitting model to feature number 93, F97
2023-08-23 16:13:09 INFO::Fitting model to feature number 94, F98
2023-08-23 16:13:09 INFO::Fitting model to feature number 95, F99
2023-08-23 16:13:09 INFO::Fitting model to feature number 96, F100
2023-08-23 16:13:09 INFO::Fitting model to feature number 97, F101
2023-08-23 16:13:09 INFO::Fitting model to feature number 98, F102
2023-08-23 16:13:09 INFO::Fitting model to feature number 99, F103
2023-08-23 16:13:09 INFO::Fitting model to feature number 100, F104
2023-08-23 16:13:09 INFO::Fitting model to feature number 101, F105
2023-08-23 16:13:09 INFO::Fitting model to feature number 102, F106
2023-08-23 16:13:09 INFO::Fitting model to feature number 103, F107
2023-08-23 16:13:09 INFO::Fitting model to feature number 104, F108
2023-08-23 16:13:09 INFO::Fitting model to feature number 105, F109
2023-08-23 16:13:09 INFO::Fitting model to feature number 106, F110
2023-08-23 16:13:09 INFO::Fitting model to feature number 107, F111
2023-08-23 16:13:09 INFO::Fitting model to feature number 108, F112
2023-08-23 16:13:09 INFO::Fitting model to feature number 109, F113
2023-08-23 16:13:09 INFO::Fitting model to feature number 110, F114
2023-08-23 16:13:09 INFO::Fitting model to feature number 111, F115
2023-08-23 16:13:09 INFO::Fitting model to feature number 112, F117
2023-08-23 16:13:09 INFO::Fitting model to feature number 113, F118
2023-08-23 16:13:09 INFO::Fitting model to feature number 114, F119
2023-08-23 16:13:09 INFO::Fitting model to feature number 115, F120
2023-08-23 16:13:09 INFO::Fitting model to feature number 116, F121
2023-08-23 16:13:09 INFO::Fitting model to feature number 117, F122
2023-08-23 16:13:09 INFO::Fitting model to feature number 118, F123
2023-08-23 16:13:09 INFO::Fitting model to feature number 119, F124
2023-08-23 16:13:09 INFO::Fitting model to feature number 120, F125
2023-08-23 16:13:09 INFO::Fitting model to feature number 121, F126
2023-08-23 16:13:09 INFO::Fitting model to feature number 122, F127
2023-08-23 16:13:09 INFO::Fitting model to feature number 123, F128
2023-08-23 16:13:09 INFO::Fitting model to feature number 124, F129
2023-08-23 16:13:09 INFO::Fitting model to feature number 125, F130
2023-08-23 16:13:09 INFO::Fitting model to feature number 126, F131
2023-08-23 16:13:09 INFO::Fitting model to feature number 127, F132
2023-08-23 16:13:09 INFO::Fitting model to feature number 128, F133
2023-08-23 16:13:09 INFO::Fitting model to feature number 129, F134
2023-08-23 16:13:09 INFO::Fitting model to feature number 130, F135
2023-08-23 16:13:09 INFO::Fitting model to feature number 131, F136
2023-08-23 16:13:09 INFO::Fitting model to feature number 132, F137
2023-08-23 16:13:09 INFO::Fitting model to feature number 133, F138
2023-08-23 16:13:09 INFO::Fitting model to feature number 134, F139
2023-08-23 16:13:09 INFO::Fitting model to feature number 135, F140
2023-08-23 16:13:09 INFO::Fitting model to feature number 136, F141
2023-08-23 16:13:09 INFO::Fitting model to feature number 137, F142
2023-08-23 16:13:09 INFO::Fitting model to feature number 138, F143
2023-08-23 16:13:09 INFO::Fitting model to feature number 139, F144
2023-08-23 16:13:09 INFO::Fitting model to feature number 140, F145
2023-08-23 16:13:09 INFO::Fitting model to feature number 141, F146
2023-08-23 16:13:09 INFO::Fitting model to feature number 142, F147
2023-08-23 16:13:09 INFO::Fitting model to feature number 143, F148
2023-08-23 16:13:09 INFO::Fitting model to feature number 144, F149
2023-08-23 16:13:09 INFO::Fitting model to feature number 145, F150
2023-08-23 16:13:09 INFO::Fitting model to feature number 146, F152
2023-08-23 16:13:09 INFO::Fitting model to feature number 147, F153
2023-08-23 16:13:09 INFO::Fitting model to feature number 148, F154
2023-08-23 16:13:09 INFO::Fitting model to feature number 149, F155
2023-08-23 16:13:09 INFO::Fitting model to feature number 150, F156
2023-08-23 16:13:09 INFO::Fitting model to feature number 151, F157
2023-08-23 16:13:09 INFO::Fitting model to feature number 152, F158
2023-08-23 16:13:09 INFO::Fitting model to feature number 153, F159
2023-08-23 16:13:09 INFO::Fitting model to feature number 154, F160
2023-08-23 16:13:09 INFO::Fitting model to feature number 155, F161
2023-08-23 16:13:09 INFO::Fitting model to feature number 156, F162
2023-08-23 16:13:09 INFO::Fitting model to feature number 157, F163
2023-08-23 16:13:09 INFO::Fitting model to feature number 158, F164
2023-08-23 16:13:09 INFO::Fitting model to feature number 159, F165
2023-08-23 16:13:09 INFO::Fitting model to feature number 160, F166
2023-08-23 16:13:09 INFO::Fitting model to feature number 161, F167
2023-08-23 16:13:09 INFO::Fitting model to feature number 162, F168
2023-08-23 16:13:09 INFO::Fitting model to feature number 163, F169
2023-08-23 16:13:09 INFO::Fitting model to feature number 164, F170
2023-08-23 16:13:09 INFO::Fitting model to feature number 165, F171
2023-08-23 16:13:09 INFO::Fitting model to feature number 166, F172
2023-08-23 16:13:09 INFO::Fitting model to feature number 167, F173
2023-08-23 16:13:09 INFO::Fitting model to feature number 168, F174
2023-08-23 16:13:09 INFO::Fitting model to feature number 169, F175
2023-08-23 16:13:09 INFO::Fitting model to feature number 170, F176
2023-08-23 16:13:09 INFO::Fitting model to feature number 171, F177
2023-08-23 16:13:09 INFO::Fitting model to feature number 172, F178
2023-08-23 16:13:09 INFO::Fitting model to feature number 173, F179
2023-08-23 16:13:09 INFO::Fitting model to feature number 174, F180
2023-08-23 16:13:09 INFO::Fitting model to feature number 175, F181
2023-08-23 16:13:09 INFO::Fitting model to feature number 176, F182
2023-08-23 16:13:09 INFO::Fitting model to feature number 177, F183
2023-08-23 16:13:09 INFO::Fitting model to feature number 178, F184
2023-08-23 16:13:09 INFO::Fitting model to feature number 179, F185
2023-08-23 16:13:09 INFO::Fitting model to feature number 180, F186
2023-08-23 16:13:09 INFO::Fitting model to feature number 181, F187
2023-08-23 16:13:09 INFO::Fitting model to feature number 182, F188
2023-08-23 16:13:09 INFO::Fitting model to feature number 183, F189
2023-08-23 16:13:09 INFO::Fitting model to feature number 184, F190
2023-08-23 16:13:09 INFO::Fitting model to feature number 185, F191
2023-08-23 16:13:09 INFO::Fitting model to feature number 186, F192
2023-08-23 16:13:09 INFO::Fitting model to feature number 187, F193
2023-08-23 16:13:09 INFO::Fitting model to feature number 188, F194
2023-08-23 16:13:09 INFO::Fitting model to feature number 189, F195
2023-08-23 16:13:09 INFO::Fitting model to feature number 190, F196
2023-08-23 16:13:09 INFO::Fitting model to feature number 191, F197
2023-08-23 16:13:09 INFO::Fitting model to feature number 192, F198
2023-08-23 16:13:09 INFO::Fitting model to feature number 193, F199
2023-08-23 16:13:09 INFO::Fitting model to feature number 194, F200
2023-08-23 16:13:09 INFO::Fitting model to feature number 195, F201
2023-08-23 16:13:09 INFO::Fitting model to feature number 196, F202
2023-08-23 16:13:09 INFO::Fitting model to feature number 197, F203
2023-08-23 16:13:09 INFO::Fitting model to feature number 198, F204
2023-08-23 16:13:09 INFO::Fitting model to feature number 199, F206
2023-08-23 16:13:09 INFO::Fitting model to feature number 200, F207
2023-08-23 16:13:09 INFO::Fitting model to feature number 201, F208
2023-08-23 16:13:09 INFO::Fitting model to feature number 202, F209
2023-08-23 16:13:09 INFO::Fitting model to feature number 203, F210
2023-08-23 16:13:09 INFO::Fitting model to feature number 204, F211
2023-08-23 16:13:09 INFO::Fitting model to feature number 205, F212
2023-08-23 16:13:09 INFO::Fitting model to feature number 206, F213
2023-08-23 16:13:09 INFO::Fitting model to feature number 207, F214
2023-08-23 16:13:09 INFO::Fitting model to feature number 208, F215
2023-08-23 16:13:09 INFO::Fitting model to feature number 209, F216
2023-08-23 16:13:09 INFO::Fitting model to feature number 210, F217
2023-08-23 16:13:09 INFO::Fitting model to feature number 211, F218
2023-08-23 16:13:09 INFO::Fitting model to feature number 212, F219
2023-08-23 16:13:09 INFO::Fitting model to feature number 213, F220
2023-08-23 16:13:09 INFO::Fitting model to feature number 214, F221
2023-08-23 16:13:09 INFO::Fitting model to feature number 215, F222
2023-08-23 16:13:09 INFO::Fitting model to feature number 216, F223
2023-08-23 16:13:09 INFO::Fitting model to feature number 217, F224
2023-08-23 16:13:09 INFO::Fitting model to feature number 218, F225
2023-08-23 16:13:09 INFO::Fitting model to feature number 219, F226
2023-08-23 16:13:09 INFO::Fitting model to feature number 220, F227
2023-08-23 16:13:09 INFO::Fitting model to feature number 221, F228
2023-08-23 16:13:09 INFO::Fitting model to feature number 222, F229
2023-08-23 16:13:09 INFO::Fitting model to feature number 223, F230
2023-08-23 16:13:09 INFO::Fitting model to feature number 224, F231
2023-08-23 16:13:09 INFO::Fitting model to feature number 225, F232
2023-08-23 16:13:09 INFO::Fitting model to feature number 226, F233
2023-08-23 16:13:09 INFO::Fitting model to feature number 227, F234
2023-08-23 16:13:09 INFO::Fitting model to feature number 228, F235
2023-08-23 16:13:09 INFO::Fitting model to feature number 229, F236
2023-08-23 16:13:09 INFO::Fitting model to feature number 230, F237
2023-08-23 16:13:09 INFO::Fitting model to feature number 231, F238
2023-08-23 16:13:09 INFO::Fitting model to feature number 232, F239
2023-08-23 16:13:09 INFO::Fitting model to feature number 233, F240
2023-08-23 16:13:09 INFO::Fitting model to feature number 234, F241
2023-08-23 16:13:09 INFO::Fitting model to feature number 235, F242
2023-08-23 16:13:09 INFO::Fitting model to feature number 236, F243
2023-08-23 16:13:09 INFO::Fitting model to feature number 237, F244
2023-08-23 16:13:09 INFO::Fitting model to feature number 238, F245
2023-08-23 16:13:09 INFO::Fitting model to feature number 239, F246
2023-08-23 16:13:09 INFO::Fitting model to feature number 240, F247
2023-08-23 16:13:10 INFO::Fitting model to feature number 241, F248
2023-08-23 16:13:10 INFO::Fitting model to feature number 242, F249
2023-08-23 16:13:10 INFO::Fitting model to feature number 243, F250
2023-08-23 16:13:10 INFO::Fitting model to feature number 244, F252
2023-08-23 16:13:10 INFO::Fitting model to feature number 245, F253
2023-08-23 16:13:10 INFO::Fitting model to feature number 246, F254
2023-08-23 16:13:10 INFO::Fitting model to feature number 247, F255
2023-08-23 16:13:10 INFO::Fitting model to feature number 248, F256
2023-08-23 16:13:10 INFO::Fitting model to feature number 249, F257
2023-08-23 16:13:10 INFO::Fitting model to feature number 250, F259
2023-08-23 16:13:10 INFO::Fitting model to feature number 251, F260
2023-08-23 16:13:10 INFO::Fitting model to feature number 252, F261
2023-08-23 16:13:10 INFO::Fitting model to feature number 253, F262
2023-08-23 16:13:10 INFO::Fitting model to feature number 254, F263
2023-08-23 16:13:10 INFO::Fitting model to feature number 255, F264
2023-08-23 16:13:10 INFO::Fitting model to feature number 256, F265
2023-08-23 16:13:10 INFO::Fitting model to feature number 257, F266
2023-08-23 16:13:10 INFO::Fitting model to feature number 258, F267
2023-08-23 16:13:10 INFO::Fitting model to feature number 259, F269
2023-08-23 16:13:10 INFO::Fitting model to feature number 260, F270
2023-08-23 16:13:10 INFO::Fitting model to feature number 261, F271
2023-08-23 16:13:10 INFO::Fitting model to feature number 262, F272
2023-08-23 16:13:10 INFO::Fitting model to feature number 263, F273
2023-08-23 16:13:10 INFO::Fitting model to feature number 264, F274
2023-08-23 16:13:10 INFO::Fitting model to feature number 265, F276
2023-08-23 16:13:10 INFO::Fitting model to feature number 266, F277
2023-08-23 16:13:10 INFO::Fitting model to feature number 267, F278
2023-08-23 16:13:10 INFO::Fitting model to feature number 268, F279
2023-08-23 16:13:10 INFO::Fitting model to feature number 269, F280
2023-08-23 16:13:10 INFO::Fitting model to feature number 270, F281
2023-08-23 16:13:10 INFO::Fitting model to feature number 271, F282
2023-08-23 16:13:10 INFO::Fitting model to feature number 272, F283
2023-08-23 16:13:10 INFO::Fitting model to feature number 273, F284
2023-08-23 16:13:10 INFO::Fitting model to feature number 274, F285
2023-08-23 16:13:10 INFO::Fitting model to feature number 275, F286
2023-08-23 16:13:10 INFO::Fitting model to feature number 276, F287
2023-08-23 16:13:10 INFO::Fitting model to feature number 277, F288
2023-08-23 16:13:10 INFO::Fitting model to feature number 278, F289
2023-08-23 16:13:10 INFO::Fitting model to feature number 279, F290
2023-08-23 16:13:10 INFO::Fitting model to feature number 280, F292
2023-08-23 16:13:10 INFO::Fitting model to feature number 281, F293
2023-08-23 16:13:10 INFO::Fitting model to feature number 282, F294
2023-08-23 16:13:10 INFO::Fitting model to feature number 283, F295
2023-08-23 16:13:10 INFO::Fitting model to feature number 284, F296
2023-08-23 16:13:10 INFO::Fitting model to feature number 285, F297
2023-08-23 16:13:10 INFO::Fitting model to feature number 286, F298
2023-08-23 16:13:10 INFO::Fitting model to feature number 287, F299
2023-08-23 16:13:10 INFO::Fitting model to feature number 288, F300
2023-08-23 16:13:10 INFO::Fitting model to feature number 289, F301
2023-08-23 16:13:10 INFO::Fitting model to feature number 290, F302
2023-08-23 16:13:10 INFO::Fitting model to feature number 291, F303
2023-08-23 16:13:10 INFO::Fitting model to feature number 292, F304
2023-08-23 16:13:10 INFO::Fitting model to feature number 293, F305
2023-08-23 16:13:10 INFO::Fitting model to feature number 294, F306
2023-08-23 16:13:10 INFO::Fitting model to feature number 295, F307
2023-08-23 16:13:10 INFO::Fitting model to feature number 296, F308
2023-08-23 16:13:10 INFO::Fitting model to feature number 297, F309
2023-08-23 16:13:10 INFO::Fitting model to feature number 298, F310
2023-08-23 16:13:10 INFO::Fitting model to feature number 299, F311
2023-08-23 16:13:10 INFO::Fitting model to feature number 300, F312
2023-08-23 16:13:10 INFO::Fitting model to feature number 301, F313
2023-08-23 16:13:10 INFO::Fitting model to feature number 302, F315
2023-08-23 16:13:10 INFO::Fitting model to feature number 303, F316
2023-08-23 16:13:10 INFO::Fitting model to feature number 304, F317
2023-08-23 16:13:10 INFO::Fitting model to feature number 305, F318
2023-08-23 16:13:10 INFO::Fitting model to feature number 306, F319
2023-08-23 16:13:10 INFO::Fitting model to feature number 307, F320
2023-08-23 16:13:10 INFO::Fitting model to feature number 308, F321
2023-08-23 16:13:10 INFO::Fitting model to feature number 309, F322
2023-08-23 16:13:10 INFO::Fitting model to feature number 310, F323
2023-08-23 16:13:10 INFO::Fitting model to feature number 311, F324
2023-08-23 16:13:10 INFO::Fitting model to feature number 312, F325
2023-08-23 16:13:10 INFO::Fitting model to feature number 313, F326
2023-08-23 16:13:10 INFO::Fitting model to feature number 314, F327
2023-08-23 16:13:10 INFO::Fitting model to feature number 315, F328
2023-08-23 16:13:10 INFO::Fitting model to feature number 316, F329
2023-08-23 16:13:10 INFO::Fitting model to feature number 317, F330
2023-08-23 16:13:10 INFO::Fitting model to feature number 318, F331
2023-08-23 16:13:10 INFO::Fitting model to feature number 319, F332
2023-08-23 16:13:10 INFO::Fitting model to feature number 320, F333
2023-08-23 16:13:10 INFO::Fitting model to feature number 321, F334
2023-08-23 16:13:10 INFO::Fitting model to feature number 322, F335
2023-08-23 16:13:10 INFO::Fitting model to feature number 323, F336
2023-08-23 16:13:10 INFO::Fitting model to feature number 324, F337
2023-08-23 16:13:10 INFO::Fitting model to feature number 325, F338
2023-08-23 16:13:10 INFO::Fitting model to feature number 326, F339
2023-08-23 16:13:10 INFO::Fitting model to feature number 327, F340
2023-08-23 16:13:10 INFO::Fitting model to feature number 328, F342
2023-08-23 16:13:10 INFO::Fitting model to feature number 329, F343
2023-08-23 16:13:10 INFO::Fitting model to feature number 330, F344
2023-08-23 16:13:10 INFO::Fitting model to feature number 331, F345
2023-08-23 16:13:10 INFO::Fitting model to feature number 332, F346
2023-08-23 16:13:10 INFO::Fitting model to feature number 333, F347
2023-08-23 16:13:10 INFO::Fitting model to feature number 334, F348
2023-08-23 16:13:10 INFO::Fitting model to feature number 335, F350
2023-08-23 16:13:10 INFO::Fitting model to feature number 336, F351
2023-08-23 16:13:10 INFO::Fitting model to feature number 337, F352
2023-08-23 16:13:10 INFO::Fitting model to feature number 338, F353
2023-08-23 16:13:10 INFO::Fitting model to feature number 339, F355
2023-08-23 16:13:10 INFO::Fitting model to feature number 340, F356
2023-08-23 16:13:10 INFO::Fitting model to feature number 341, F357
2023-08-23 16:13:10 INFO::Fitting model to feature number 342, F358
2023-08-23 16:13:10 INFO::Fitting model to feature number 343, F359
2023-08-23 16:13:10 INFO::Fitting model to feature number 344, F360
2023-08-23 16:13:10 INFO::Fitting model to feature number 345, F361
2023-08-23 16:13:10 INFO::Fitting model to feature number 346, F362
2023-08-23 16:13:10 INFO::Fitting model to feature number 347, F363
2023-08-23 16:13:10 INFO::Fitting model to feature number 348, F364
2023-08-23 16:13:10 INFO::Fitting model to feature number 349, F365
2023-08-23 16:13:10 INFO::Fitting model to feature number 350, F366
2023-08-23 16:13:10 INFO::Fitting model to feature number 351, F367
2023-08-23 16:13:10 INFO::Fitting model to feature number 352, F368
2023-08-23 16:13:10 INFO::Fitting model to feature number 353, F369
2023-08-23 16:13:10 INFO::Fitting model to feature number 354, F370
2023-08-23 16:13:10 INFO::Fitting model to feature number 355, F371
2023-08-23 16:13:10 INFO::Fitting model to feature number 356, F372
2023-08-23 16:13:10 INFO::Fitting model to feature number 357, F373
2023-08-23 16:13:10 INFO::Fitting model to feature number 358, F374
2023-08-23 16:13:10 INFO::Fitting model to feature number 359, F375
2023-08-23 16:13:10 INFO::Fitting model to feature number 360, F376
2023-08-23 16:13:10 INFO::Fitting model to feature number 361, F377
2023-08-23 16:13:10 INFO::Fitting model to feature number 362, F378
2023-08-23 16:13:10 INFO::Fitting model to feature number 363, F379
2023-08-23 16:13:10 INFO::Fitting model to feature number 364, F380
2023-08-23 16:13:10 INFO::Fitting model to feature number 365, F381
2023-08-23 16:13:10 INFO::Fitting model to feature number 366, F382
2023-08-23 16:13:10 INFO::Fitting model to feature number 367, F383
2023-08-23 16:13:10 INFO::Fitting model to feature number 368, F384
2023-08-23 16:13:10 INFO::Fitting model to feature number 369, F386
2023-08-23 16:13:10 INFO::Fitting model to feature number 370, F387
2023-08-23 16:13:10 INFO::Fitting model to feature number 371, F388
2023-08-23 16:13:10 INFO::Fitting model to feature number 372, F389
2023-08-23 16:13:10 INFO::Fitting model to feature number 373, F390
2023-08-23 16:13:10 INFO::Fitting model to feature number 374, F391
2023-08-23 16:13:10 INFO::Fitting model to feature number 375, F392
2023-08-23 16:13:10 INFO::Fitting model to feature number 376, F393
2023-08-23 16:13:10 INFO::Fitting model to feature number 377, F394
2023-08-23 16:13:10 INFO::Fitting model to feature number 378, F395
2023-08-23 16:13:10 INFO::Fitting model to feature number 379, F396
2023-08-23 16:13:10 INFO::Fitting model to feature number 380, F397
2023-08-23 16:13:10 INFO::Fitting model to feature number 381, F398
2023-08-23 16:13:10 INFO::Fitting model to feature number 382, F399
2023-08-23 16:13:10 INFO::Fitting model to feature number 383, F400
2023-08-23 16:13:10 INFO::Fitting model to feature number 384, F401
2023-08-23 16:13:10 INFO::Fitting model to feature number 385, F402
2023-08-23 16:13:10 INFO::Fitting model to feature number 386, F403
2023-08-23 16:13:10 INFO::Fitting model to feature number 387, F404
2023-08-23 16:13:10 INFO::Fitting model to feature number 388, F406
2023-08-23 16:13:10 INFO::Fitting model to feature number 389, F407
2023-08-23 16:13:10 INFO::Fitting model to feature number 390, F408
2023-08-23 16:13:10 INFO::Fitting model to feature number 391, F409
2023-08-23 16:13:10 INFO::Fitting model to feature number 392, F410
2023-08-23 16:13:10 INFO::Fitting model to feature number 393, F411
2023-08-23 16:13:10 INFO::Fitting model to feature number 394, F412
2023-08-23 16:13:10 INFO::Fitting model to feature number 395, F413
2023-08-23 16:13:10 INFO::Fitting model to feature number 396, F414
2023-08-23 16:13:10 INFO::Fitting model to feature number 397, F415
2023-08-23 16:13:10 INFO::Fitting model to feature number 398, F416
2023-08-23 16:13:10 INFO::Fitting model to feature number 399, F417
2023-08-23 16:13:10 INFO::Fitting model to feature number 400, F418
2023-08-23 16:13:10 INFO::Fitting model to feature number 401, F419
2023-08-23 16:13:10 INFO::Fitting model to feature number 402, F420
2023-08-23 16:13:10 INFO::Fitting model to feature number 403, F421
2023-08-23 16:13:10 INFO::Fitting model to feature number 404, F422
2023-08-23 16:13:10 INFO::Fitting model to feature number 405, F423
2023-08-23 16:13:10 INFO::Fitting model to feature number 406, F425
2023-08-23 16:13:10 INFO::Fitting model to feature number 407, F426
2023-08-23 16:13:10 INFO::Fitting model to feature number 408, F428
2023-08-23 16:13:10 INFO::Fitting model to feature number 409, F429
2023-08-23 16:13:10 INFO::Fitting model to feature number 410, F430
2023-08-23 16:13:10 INFO::Fitting model to feature number 411, F431
2023-08-23 16:13:10 INFO::Fitting model to feature number 412, F432
2023-08-23 16:13:10 INFO::Fitting model to feature number 413, F433
2023-08-23 16:13:10 INFO::Fitting model to feature number 414, F434
2023-08-23 16:13:10 INFO::Fitting model to feature number 415, F435
2023-08-23 16:13:10 INFO::Fitting model to feature number 416, F436
2023-08-23 16:13:10 INFO::Fitting model to feature number 417, F437
2023-08-23 16:13:10 INFO::Fitting model to feature number 418, F438
2023-08-23 16:13:10 INFO::Fitting model to feature number 419, F439
2023-08-23 16:13:10 INFO::Fitting model to feature number 420, F440
2023-08-23 16:13:10 INFO::Fitting model to feature number 421, F441
2023-08-23 16:13:10 INFO::Fitting model to feature number 422, F442
2023-08-23 16:13:10 INFO::Fitting model to feature number 423, F443
2023-08-23 16:13:10 INFO::Fitting model to feature number 424, F444
2023-08-23 16:13:10 INFO::Fitting model to feature number 425, F445
2023-08-23 16:13:10 INFO::Fitting model to feature number 426, F446
2023-08-23 16:13:10 INFO::Fitting model to feature number 427, F447
2023-08-23 16:13:10 INFO::Fitting model to feature number 428, F448
2023-08-23 16:13:10 INFO::Fitting model to feature number 429, F449
2023-08-23 16:13:10 INFO::Fitting model to feature number 430, F450
2023-08-23 16:13:10 INFO::Fitting model to feature number 431, F451
2023-08-23 16:13:10 INFO::Fitting model to feature number 432, F452
2023-08-23 16:13:10 INFO::Fitting model to feature number 433, F454
2023-08-23 16:13:10 INFO::Fitting model to feature number 434, F455
2023-08-23 16:13:10 INFO::Fitting model to feature number 435, F456
2023-08-23 16:13:10 INFO::Fitting model to feature number 436, F457
2023-08-23 16:13:10 INFO::Fitting model to feature number 437, F458
2023-08-23 16:13:10 INFO::Fitting model to feature number 438, F459
2023-08-23 16:13:10 INFO::Fitting model to feature number 439, F461
2023-08-23 16:13:10 INFO::Fitting model to feature number 440, F462
2023-08-23 16:13:10 INFO::Fitting model to feature number 441, F463
2023-08-23 16:13:10 INFO::Fitting model to feature number 442, F464
2023-08-23 16:13:10 INFO::Fitting model to feature number 443, F465
2023-08-23 16:13:10 INFO::Fitting model to feature number 444, F466
2023-08-23 16:13:10 INFO::Fitting model to feature number 445, F467
2023-08-23 16:13:10 INFO::Fitting model to feature number 446, F468
2023-08-23 16:13:10 INFO::Fitting model to feature number 447, F469
2023-08-23 16:13:10 INFO::Fitting model to feature number 448, F470
2023-08-23 16:13:10 INFO::Fitting model to feature number 449, F471
2023-08-23 16:13:10 INFO::Fitting model to feature number 450, F474
2023-08-23 16:13:10 INFO::Fitting model to feature number 451, F475
2023-08-23 16:13:10 INFO::Fitting model to feature number 452, F476
2023-08-23 16:13:10 INFO::Fitting model to feature number 453, F477
2023-08-23 16:13:10 INFO::Fitting model to feature number 454, F478
2023-08-23 16:13:10 INFO::Fitting model to feature number 455, F479
2023-08-23 16:13:10 INFO::Fitting model to feature number 456, F480
2023-08-23 16:13:10 INFO::Fitting model to feature number 457, F481
2023-08-23 16:13:10 INFO::Fitting model to feature number 458, F482
2023-08-23 16:13:10 INFO::Fitting model to feature number 459, F483
2023-08-23 16:13:10 INFO::Fitting model to feature number 460, F484
2023-08-23 16:13:10 INFO::Fitting model to feature number 461, F485
2023-08-23 16:13:10 INFO::Fitting model to feature number 462, F486
2023-08-23 16:13:10 INFO::Fitting model to feature number 463, F487
2023-08-23 16:13:10 INFO::Fitting model to feature number 464, F488
2023-08-23 16:13:10 INFO::Fitting model to feature number 465, F489
2023-08-23 16:13:10 INFO::Fitting model to feature number 466, F490
2023-08-23 16:13:10 INFO::Fitting model to feature number 467, F491
2023-08-23 16:13:10 INFO::Fitting model to feature number 468, F492
2023-08-23 16:13:10 INFO::Fitting model to feature number 469, F493
2023-08-23 16:13:10 INFO::Fitting model to feature number 470, F494
2023-08-23 16:13:10 INFO::Fitting model to feature number 471, F495
2023-08-23 16:13:10 INFO::Fitting model to feature number 472, F496
2023-08-23 16:13:10 INFO::Fitting model to feature number 473, F497
2023-08-23 16:13:10 INFO::Fitting model to feature number 474, F498
2023-08-23 16:13:10 INFO::Fitting model to feature number 475, F499
2023-08-23 16:13:10 INFO::Fitting model to feature number 476, F500
2023-08-23 16:13:10 INFO::Fitting model to feature number 477, F501
2023-08-23 16:13:10 INFO::Fitting model to feature number 478, F502
2023-08-23 16:13:10 INFO::Fitting model to feature number 479, F503
2023-08-23 16:13:10 INFO::Fitting model to feature number 480, F504
2023-08-23 16:13:10 INFO::Fitting model to feature number 481, F505
2023-08-23 16:13:10 INFO::Fitting model to feature number 482, F506
2023-08-23 16:13:10 INFO::Fitting model to feature number 483, F507
2023-08-23 16:13:10 INFO::Fitting model to feature number 484, F508
2023-08-23 16:13:10 INFO::Fitting model to feature number 485, F509
2023-08-23 16:13:10 INFO::Fitting model to feature number 486, F510
2023-08-23 16:13:10 INFO::Fitting model to feature number 487, F511
2023-08-23 16:13:10 INFO::Fitting model to feature number 488, F512
2023-08-23 16:13:10 INFO::Fitting model to feature number 489, F513
2023-08-23 16:13:10 INFO::Fitting model to feature number 490, F514
2023-08-23 16:13:10 INFO::Fitting model to feature number 491, F515
2023-08-23 16:13:10 INFO::Fitting model to feature number 492, F516
2023-08-23 16:13:10 INFO::Fitting model to feature number 493, F517
2023-08-23 16:13:10 INFO::Fitting model to feature number 494, F518
2023-08-23 16:13:10 INFO::Fitting model to feature number 495, F519
2023-08-23 16:13:10 INFO::Fitting model to feature number 496, F520
2023-08-23 16:13:10 INFO::Fitting model to feature number 497, F521
2023-08-23 16:13:10 INFO::Fitting model to feature number 498, F522
2023-08-23 16:13:10 INFO::Fitting model to feature number 499, F523
2023-08-23 16:13:10 INFO::Fitting model to feature number 500, F524
2023-08-23 16:13:10 INFO::Fitting model to feature number 501, F525
2023-08-23 16:13:10 INFO::Fitting model to feature number 502, F526
2023-08-23 16:13:10 INFO::Fitting model to feature number 503, F527
2023-08-23 16:13:10 INFO::Fitting model to feature number 504, F528
2023-08-23 16:13:10 INFO::Fitting model to feature number 505, F529
2023-08-23 16:13:10 INFO::Fitting model to feature number 506, F530
2023-08-23 16:13:10 INFO::Fitting model to feature number 507, F531
2023-08-23 16:13:10 INFO::Fitting model to feature number 508, F532
2023-08-23 16:13:10 INFO::Fitting model to feature number 509, F533
2023-08-23 16:13:10 INFO::Fitting model to feature number 510, F534
2023-08-23 16:13:10 INFO::Fitting model to feature number 511, F535
2023-08-23 16:13:10 INFO::Fitting model to feature number 512, F536
2023-08-23 16:13:10 INFO::Fitting model to feature number 513, F537
2023-08-23 16:13:10 INFO::Fitting model to feature number 514, F539
2023-08-23 16:13:10 INFO::Fitting model to feature number 515, F540
2023-08-23 16:13:10 INFO::Fitting model to feature number 516, F541
2023-08-23 16:13:10 INFO::Fitting model to feature number 517, F543
2023-08-23 16:13:10 INFO::Fitting model to feature number 518, F544
2023-08-23 16:13:10 INFO::Fitting model to feature number 519, F545
2023-08-23 16:13:10 INFO::Fitting model to feature number 520, F546
2023-08-23 16:13:10 INFO::Fitting model to feature number 521, F547
2023-08-23 16:13:10 INFO::Fitting model to feature number 522, F548
2023-08-23 16:13:10 INFO::Fitting model to feature number 523, F549
2023-08-23 16:13:10 INFO::Fitting model to feature number 524, F550
2023-08-23 16:13:10 INFO::Fitting model to feature number 525, F551
2023-08-23 16:13:10 INFO::Fitting model to feature number 526, F552
2023-08-23 16:13:10 INFO::Fitting model to feature number 527, F553
2023-08-23 16:13:10 INFO::Fitting model to feature number 528, F554
2023-08-23 16:13:10 INFO::Fitting model to feature number 529, F555
2023-08-23 16:13:10 INFO::Fitting model to feature number 530, F556
2023-08-23 16:13:10 INFO::Fitting model to feature number 531, F557
2023-08-23 16:13:10 INFO::Fitting model to feature number 532, F558
2023-08-23 16:13:10 INFO::Fitting model to feature number 533, F559
2023-08-23 16:13:10 INFO::Fitting model to feature number 534, F560
2023-08-23 16:13:10 INFO::Fitting model to feature number 535, F561
2023-08-23 16:13:10 INFO::Fitting model to feature number 536, F562
2023-08-23 16:13:10 INFO::Fitting model to feature number 537, F563
2023-08-23 16:13:10 INFO::Fitting model to feature number 538, F564
2023-08-23 16:13:10 INFO::Fitting model to feature number 539, F566
2023-08-23 16:13:10 INFO::Fitting model to feature number 540, F567
2023-08-23 16:13:10 INFO::Fitting model to feature number 541, F568
2023-08-23 16:13:10 INFO::Fitting model to feature number 542, F569
2023-08-23 16:13:10 INFO::Fitting model to feature number 543, F570
2023-08-23 16:13:10 INFO::Fitting model to feature number 544, F571
2023-08-23 16:13:10 INFO::Fitting model to feature number 545, F572
2023-08-23 16:13:10 INFO::Fitting model to feature number 546, F573
2023-08-23 16:13:10 INFO::Fitting model to feature number 547, F574
2023-08-23 16:13:10 INFO::Fitting model to feature number 548, F575
2023-08-23 16:13:10 INFO::Fitting model to feature number 549, F576
2023-08-23 16:13:10 INFO::Fitting model to feature number 550, F577
2023-08-23 16:13:10 INFO::Fitting model to feature number 551, F578
2023-08-23 16:13:10 INFO::Fitting model to feature number 552, F579
2023-08-23 16:13:10 INFO::Fitting model to feature number 553, F580
2023-08-23 16:13:10 INFO::Fitting model to feature number 554, F581
2023-08-23 16:13:10 INFO::Fitting model to feature number 555, F582
2023-08-23 16:13:10 INFO::Fitting model to feature number 556, F583
2023-08-23 16:13:10 INFO::Fitting model to feature number 557, F584
2023-08-23 16:13:10 INFO::Fitting model to feature number 558, F585
2023-08-23 16:13:10 INFO::Fitting model to feature number 559, F586
2023-08-23 16:13:10 INFO::Fitting model to feature number 560, F587
2023-08-23 16:13:10 INFO::Fitting model to feature number 561, F588
2023-08-23 16:13:10 INFO::Fitting model to feature number 562, F589
2023-08-23 16:13:10 INFO::Fitting model to feature number 563, F590
2023-08-23 16:13:10 INFO::Fitting model to feature number 564, F591
2023-08-23 16:13:10 INFO::Fitting model to feature number 565, F592
2023-08-23 16:13:10 INFO::Fitting model to feature number 566, F593
2023-08-23 16:13:10 INFO::Fitting model to feature number 567, F594
2023-08-23 16:13:10 INFO::Fitting model to feature number 568, F595
2023-08-23 16:13:10 INFO::Fitting model to feature number 569, F596
2023-08-23 16:13:10 INFO::Fitting model to feature number 570, F597
2023-08-23 16:13:10 INFO::Fitting model to feature number 571, F598
2023-08-23 16:13:10 INFO::Fitting model to feature number 572, F599
2023-08-23 16:13:10 INFO::Fitting model to feature number 573, F600
2023-08-23 16:13:10 INFO::Fitting model to feature number 574, F601
2023-08-23 16:13:10 INFO::Fitting model to feature number 575, F602
2023-08-23 16:13:10 INFO::Fitting model to feature number 576, F603
2023-08-23 16:13:10 INFO::Fitting model to feature number 577, F605
2023-08-23 16:13:10 INFO::Fitting model to feature number 578, F606
2023-08-23 16:13:10 INFO::Fitting model to feature number 579, F607
2023-08-23 16:13:10 INFO::Fitting model to feature number 580, F608
2023-08-23 16:13:10 INFO::Fitting model to feature number 581, F609
2023-08-23 16:13:10 INFO::Fitting model to feature number 582, F610
2023-08-23 16:13:10 INFO::Fitting model to feature number 583, F611
2023-08-23 16:13:10 INFO::Fitting model to feature number 584, F612
2023-08-23 16:13:10 INFO::Fitting model to feature number 585, F613
2023-08-23 16:13:10 INFO::Fitting model to feature number 586, F614
2023-08-23 16:13:10 INFO::Fitting model to feature number 587, F615
2023-08-23 16:13:10 INFO::Fitting model to feature number 588, F616
2023-08-23 16:13:10 INFO::Fitting model to feature number 589, F617
2023-08-23 16:13:10 INFO::Fitting model to feature number 590, F618
2023-08-23 16:13:10 INFO::Fitting model to feature number 591, F619
2023-08-23 16:13:10 INFO::Fitting model to feature number 592, F620
2023-08-23 16:13:10 INFO::Fitting model to feature number 593, F621
2023-08-23 16:13:10 INFO::Fitting model to feature number 594, F622
2023-08-23 16:13:10 INFO::Fitting model to feature number 595, F623
2023-08-23 16:13:10 INFO::Fitting model to feature number 596, F624
2023-08-23 16:13:10 INFO::Fitting model to feature number 597, F625
2023-08-23 16:13:10 INFO::Fitting model to feature number 598, F626
2023-08-23 16:13:10 INFO::Fitting model to feature number 599, F627
2023-08-23 16:13:10 INFO::Fitting model to feature number 600, F628
2023-08-23 16:13:10 INFO::Fitting model to feature number 601, F629
2023-08-23 16:13:10 INFO::Fitting model to feature number 602, F630
2023-08-23 16:13:10 INFO::Fitting model to feature number 603, F631
2023-08-23 16:13:10 INFO::Fitting model to feature number 604, F632
2023-08-23 16:13:10 INFO::Fitting model to feature number 605, F633
2023-08-23 16:13:10 INFO::Fitting model to feature number 606, F634
2023-08-23 16:13:10 INFO::Fitting model to feature number 607, F635
2023-08-23 16:13:10 INFO::Fitting model to feature number 608, F636
2023-08-23 16:13:10 INFO::Fitting model to feature number 609, F637
2023-08-23 16:13:10 INFO::Fitting model to feature number 610, F638
2023-08-23 16:13:10 INFO::Fitting model to feature number 611, F639
2023-08-23 16:13:10 INFO::Fitting model to feature number 612, F640
2023-08-23 16:13:10 INFO::Fitting model to feature number 613, F641
2023-08-23 16:13:10 INFO::Fitting model to feature number 614, F642
2023-08-23 16:13:10 INFO::Fitting model to feature number 615, F643
2023-08-23 16:13:10 INFO::Fitting model to feature number 616, F644
2023-08-23 16:13:10 INFO::Fitting model to feature number 617, F645
2023-08-23 16:13:10 INFO::Fitting model to feature number 618, F646
2023-08-23 16:13:10 INFO::Fitting model to feature number 619, F647
2023-08-23 16:13:10 INFO::Fitting model to feature number 620, F648
2023-08-23 16:13:10 INFO::Fitting model to feature number 621, F649
2023-08-23 16:13:10 INFO::Fitting model to feature number 622, F650
2023-08-23 16:13:10 INFO::Fitting model to feature number 623, F651
2023-08-23 16:13:10 INFO::Fitting model to feature number 624, F652
2023-08-23 16:13:10 INFO::Fitting model to feature number 625, F653
2023-08-23 16:13:10 INFO::Fitting model to feature number 626, F654
2023-08-23 16:13:10 INFO::Fitting model to feature number 627, F655
2023-08-23 16:13:10 INFO::Fitting model to feature number 628, F656
2023-08-23 16:13:10 INFO::Fitting model to feature number 629, F657
2023-08-23 16:13:10 INFO::Fitting model to feature number 630, F658
2023-08-23 16:13:10 INFO::Fitting model to feature number 631, F659
2023-08-23 16:13:10 INFO::Fitting model to feature number 632, F660
2023-08-23 16:13:10 INFO::Fitting model to feature number 633, F661
2023-08-23 16:13:10 INFO::Fitting model to feature number 634, F662
2023-08-23 16:13:10 INFO::Fitting model to feature number 635, F663
2023-08-23 16:13:10 INFO::Fitting model to feature number 636, F664
2023-08-23 16:13:10 INFO::Fitting model to feature number 637, F665
2023-08-23 16:13:10 INFO::Fitting model to feature number 638, F666
2023-08-23 16:13:10 INFO::Fitting model to feature number 639, F667
2023-08-23 16:13:10 INFO::Fitting model to feature number 640, F668
2023-08-23 16:13:10 INFO::Fitting model to feature number 641, F669
2023-08-23 16:13:10 INFO::Fitting model to feature number 642, F670
2023-08-23 16:13:10 INFO::Fitting model to feature number 643, F671
2023-08-23 16:13:10 INFO::Fitting model to feature number 644, F672
2023-08-23 16:13:10 INFO::Fitting model to feature number 645, F673
2023-08-23 16:13:10 INFO::Fitting model to feature number 646, F674
2023-08-23 16:13:10 INFO::Fitting model to feature number 647, F675
2023-08-23 16:13:10 INFO::Fitting model to feature number 648, F676
2023-08-23 16:13:10 INFO::Fitting model to feature number 649, F677
2023-08-23 16:13:10 INFO::Fitting model to feature number 650, F678
2023-08-23 16:13:10 INFO::Fitting model to feature number 651, F679
2023-08-23 16:13:10 INFO::Fitting model to feature number 652, F680
2023-08-23 16:13:10 INFO::Fitting model to feature number 653, F681
2023-08-23 16:13:10 INFO::Fitting model to feature number 654, F682
2023-08-23 16:13:10 INFO::Fitting model to feature number 655, F683
2023-08-23 16:13:10 INFO::Fitting model to feature number 656, F684
2023-08-23 16:13:10 INFO::Fitting model to feature number 657, F685
2023-08-23 16:13:10 INFO::Fitting model to feature number 658, F686
2023-08-23 16:13:10 INFO::Fitting model to feature number 659, F687
2023-08-23 16:13:10 INFO::Fitting model to feature number 660, F688
2023-08-23 16:13:10 INFO::Fitting model to feature number 661, F689
2023-08-23 16:13:10 INFO::Fitting model to feature number 662, F690
2023-08-23 16:13:10 INFO::Fitting model to feature number 663, F691
2023-08-23 16:13:10 INFO::Fitting model to feature number 664, F692
2023-08-23 16:13:10 INFO::Fitting model to feature number 665, F693
2023-08-23 16:13:10 INFO::Fitting model to feature number 666, F694
2023-08-23 16:13:10 INFO::Fitting model to feature number 667, F695
2023-08-23 16:13:10 INFO::Fitting model to feature number 668, F696
2023-08-23 16:13:10 INFO::Fitting model to feature number 669, F697
2023-08-23 16:13:10 INFO::Fitting model to feature number 670, F698
2023-08-23 16:13:10 INFO::Fitting model to feature number 671, F699
2023-08-23 16:13:10 INFO::Fitting model to feature number 672, F700
2023-08-23 16:13:10 INFO::Fitting model to feature number 673, F701
2023-08-23 16:13:10 INFO::Fitting model to feature number 674, F702
2023-08-23 16:13:10 INFO::Fitting model to feature number 675, F704
2023-08-23 16:13:10 INFO::Fitting model to feature number 676, F705
2023-08-23 16:13:10 INFO::Fitting model to feature number 677, F706
2023-08-23 16:13:10 INFO::Fitting model to feature number 678, F707
2023-08-23 16:13:10 INFO::Fitting model to feature number 679, F708
2023-08-23 16:13:10 INFO::Fitting model to feature number 680, F709
2023-08-23 16:13:10 INFO::Fitting model to feature number 681, F710
2023-08-23 16:13:10 INFO::Fitting model to feature number 682, F711
2023-08-23 16:13:10 INFO::Fitting model to feature number 683, F712
2023-08-23 16:13:10 INFO::Fitting model to feature number 684, F713
2023-08-23 16:13:10 INFO::Fitting model to feature number 685, F714
2023-08-23 16:13:10 INFO::Fitting model to feature number 686, F715
2023-08-23 16:13:10 INFO::Fitting model to feature number 687, F716
2023-08-23 16:13:10 INFO::Fitting model to feature number 688, F717
2023-08-23 16:13:10 INFO::Fitting model to feature number 689, F718
2023-08-23 16:13:10 INFO::Fitting model to feature number 690, F719
2023-08-23 16:13:10 INFO::Fitting model to feature number 691, F720
2023-08-23 16:13:10 INFO::Fitting model to feature number 692, F721
2023-08-23 16:13:10 INFO::Fitting model to feature number 693, F722
2023-08-23 16:13:10 INFO::Fitting model to feature number 694, F723
2023-08-23 16:13:10 INFO::Fitting model to feature number 695, F724
2023-08-23 16:13:10 INFO::Fitting model to feature number 696, F725
2023-08-23 16:13:10 INFO::Fitting model to feature number 697, F726
2023-08-23 16:13:10 INFO::Fitting model to feature number 698, F727
2023-08-23 16:13:10 INFO::Fitting model to feature number 699, F728
2023-08-23 16:13:10 INFO::Fitting model to feature number 700, F729
2023-08-23 16:13:10 INFO::Fitting model to feature number 701, F730
2023-08-23 16:13:10 INFO::Fitting model to feature number 702, F731
2023-08-23 16:13:10 INFO::Fitting model to feature number 703, F732
2023-08-23 16:13:10 INFO::Fitting model to feature number 704, F733
2023-08-23 16:13:10 INFO::Fitting model to feature number 705, F734
2023-08-23 16:13:10 INFO::Fitting model to feature number 706, F735
2023-08-23 16:13:10 INFO::Fitting model to feature number 707, F736
2023-08-23 16:13:10 INFO::Fitting model to feature number 708, F737
2023-08-23 16:13:10 INFO::Fitting model to feature number 709, F739
2023-08-23 16:13:10 INFO::Fitting model to feature number 710, F740
2023-08-23 16:13:10 INFO::Fitting model to feature number 711, F741
2023-08-23 16:13:10 INFO::Fitting model to feature number 712, F742
2023-08-23 16:13:10 INFO::Fitting model to feature number 713, F743
2023-08-23 16:13:10 INFO::Fitting model to feature number 714, F744
2023-08-23 16:13:10 INFO::Fitting model to feature number 715, F745
2023-08-23 16:13:10 INFO::Fitting model to feature number 716, F746
2023-08-23 16:13:10 INFO::Fitting model to feature number 717, F747
2023-08-23 16:13:10 INFO::Fitting model to feature number 718, F748
2023-08-23 16:13:10 INFO::Fitting model to feature number 719, F749
2023-08-23 16:13:10 INFO::Fitting model to feature number 720, F750
2023-08-23 16:13:10 INFO::Fitting model to feature number 721, F751
2023-08-23 16:13:10 INFO::Fitting model to feature number 722, F752
2023-08-23 16:13:10 INFO::Fitting model to feature number 723, F753
2023-08-23 16:13:10 INFO::Fitting model to feature number 724, F754
2023-08-23 16:13:10 INFO::Fitting model to feature number 725, F755
2023-08-23 16:13:10 INFO::Fitting model to feature number 726, F756
2023-08-23 16:13:10 INFO::Fitting model to feature number 727, F757
2023-08-23 16:13:10 INFO::Fitting model to feature number 728, F758
2023-08-23 16:13:10 INFO::Fitting model to feature number 729, F759
2023-08-23 16:13:10 INFO::Fitting model to feature number 730, F760
2023-08-23 16:13:10 INFO::Fitting model to feature number 731, F761
2023-08-23 16:13:10 INFO::Fitting model to feature number 732, F762
2023-08-23 16:13:10 INFO::Fitting model to feature number 733, F763
2023-08-23 16:13:10 INFO::Fitting model to feature number 734, F764
2023-08-23 16:13:10 INFO::Fitting model to feature number 735, F765
2023-08-23 16:13:10 INFO::Fitting model to feature number 736, F766
2023-08-23 16:13:10 INFO::Fitting model to feature number 737, F767
2023-08-23 16:13:10 INFO::Fitting model to feature number 738, F768
2023-08-23 16:13:10 INFO::Fitting model to feature number 739, F769
2023-08-23 16:13:10 INFO::Fitting model to feature number 740, F770
2023-08-23 16:13:10 INFO::Fitting model to feature number 741, F771
2023-08-23 16:13:10 INFO::Fitting model to feature number 742, F772
2023-08-23 16:13:10 INFO::Fitting model to feature number 743, F773
2023-08-23 16:13:10 INFO::Fitting model to feature number 744, F774
2023-08-23 16:13:10 INFO::Fitting model to feature number 745, F775
2023-08-23 16:13:10 INFO::Fitting model to feature number 746, F776
2023-08-23 16:13:10 INFO::Fitting model to feature number 747, F777
2023-08-23 16:13:10 INFO::Fitting model to feature number 748, F778
2023-08-23 16:13:10 INFO::Fitting model to feature number 749, F779
2023-08-23 16:13:10 INFO::Fitting model to feature number 750, F780
2023-08-23 16:13:10 INFO::Fitting model to feature number 751, F781
2023-08-23 16:13:10 INFO::Fitting model to feature number 752, F782
2023-08-23 16:13:10 INFO::Fitting model to feature number 753, F783
2023-08-23 16:13:10 INFO::Fitting model to feature number 754, F784
2023-08-23 16:13:10 INFO::Fitting model to feature number 755, F785
2023-08-23 16:13:10 INFO::Fitting model to feature number 756, F786
2023-08-23 16:13:10 INFO::Fitting model to feature number 757, F787
2023-08-23 16:13:10 INFO::Fitting model to feature number 758, F788
2023-08-23 16:13:10 INFO::Fitting model to feature number 759, F789
2023-08-23 16:13:10 INFO::Fitting model to feature number 760, F790
2023-08-23 16:13:10 INFO::Fitting model to feature number 761, F791
2023-08-23 16:13:10 INFO::Fitting model to feature number 762, F792
2023-08-23 16:13:10 INFO::Fitting model to feature number 763, F793
2023-08-23 16:13:10 INFO::Fitting model to feature number 764, F794
2023-08-23 16:13:10 INFO::Fitting model to feature number 765, F795
2023-08-23 16:13:10 INFO::Fitting model to feature number 766, F796
2023-08-23 16:13:10 INFO::Fitting model to feature number 767, F797
2023-08-23 16:13:10 INFO::Fitting model to feature number 768, F798
2023-08-23 16:13:10 INFO::Fitting model to feature number 769, F799
2023-08-23 16:13:10 INFO::Fitting model to feature number 770, F800
2023-08-23 16:13:10 INFO::Fitting model to feature number 771, F801
2023-08-23 16:13:10 INFO::Fitting model to feature number 772, F802
2023-08-23 16:13:10 INFO::Fitting model to feature number 773, F803
2023-08-23 16:13:10 INFO::Fitting model to feature number 774, F804
2023-08-23 16:13:10 INFO::Fitting model to feature number 775, F805
2023-08-23 16:13:10 INFO::Fitting model to feature number 776, F806
2023-08-23 16:13:10 INFO::Fitting model to feature number 777, F808
2023-08-23 16:13:10 INFO::Fitting model to feature number 778, F809
2023-08-23 16:13:10 INFO::Fitting model to feature number 779, F810
2023-08-23 16:13:10 INFO::Fitting model to feature number 780, F811
2023-08-23 16:13:10 INFO::Fitting model to feature number 781, F812
2023-08-23 16:13:10 INFO::Fitting model to feature number 782, F813
2023-08-23 16:13:10 INFO::Fitting model to feature number 783, F814
2023-08-23 16:13:10 INFO::Fitting model to feature number 784, F815
2023-08-23 16:13:10 INFO::Fitting model to feature number 785, F816
2023-08-23 16:13:10 INFO::Fitting model to feature number 786, F817
2023-08-23 16:13:10 INFO::Fitting model to feature number 787, F818
2023-08-23 16:13:10 INFO::Fitting model to feature number 788, F819
2023-08-23 16:13:10 INFO::Fitting model to feature number 789, F820
2023-08-23 16:13:10 INFO::Fitting model to feature number 790, F821
2023-08-23 16:13:10 INFO::Fitting model to feature number 791, F822
2023-08-23 16:13:10 INFO::Fitting model to feature number 792, F823
2023-08-23 16:13:10 INFO::Fitting model to feature number 793, F824
2023-08-23 16:13:10 INFO::Fitting model to feature number 794, F825
2023-08-23 16:13:10 INFO::Fitting model to feature number 795, F826
2023-08-23 16:13:10 INFO::Fitting model to feature number 796, F827
2023-08-23 16:13:10 INFO::Fitting model to feature number 797, F828
2023-08-23 16:13:10 INFO::Fitting model to feature number 798, F829
2023-08-23 16:13:10 INFO::Fitting model to feature number 799, F830
2023-08-23 16:13:10 INFO::Fitting model to feature number 800, F831
2023-08-23 16:13:10 INFO::Fitting model to feature number 801, F832
2023-08-23 16:13:10 INFO::Fitting model to feature number 802, F833
2023-08-23 16:13:10 INFO::Fitting model to feature number 803, F834
2023-08-23 16:13:10 INFO::Fitting model to feature number 804, F835
2023-08-23 16:13:10 INFO::Fitting model to feature number 805, F836
2023-08-23 16:13:10 INFO::Fitting model to feature number 806, F837
2023-08-23 16:13:10 INFO::Fitting model to feature number 807, F838
2023-08-23 16:13:10 INFO::Fitting model to feature number 808, F839
2023-08-23 16:13:10 INFO::Fitting model to feature number 809, F840
2023-08-23 16:13:10 INFO::Fitting model to feature number 810, F841
2023-08-23 16:13:10 INFO::Fitting model to feature number 811, F842
2023-08-23 16:13:10 INFO::Fitting model to feature number 812, F843
2023-08-23 16:13:10 INFO::Fitting model to feature number 813, F844
2023-08-23 16:13:10 INFO::Fitting model to feature number 814, F845
2023-08-23 16:13:10 INFO::Fitting model to feature number 815, F846
2023-08-23 16:13:10 INFO::Fitting model to feature number 816, F847
2023-08-23 16:13:10 INFO::Fitting model to feature number 817, F848
2023-08-23 16:13:10 INFO::Fitting model to feature number 818, F849
2023-08-23 16:13:10 INFO::Fitting model to feature number 819, F850
2023-08-23 16:13:10 INFO::Fitting model to feature number 820, F851
2023-08-23 16:13:10 INFO::Fitting model to feature number 821, F852
2023-08-23 16:13:10 INFO::Fitting model to feature number 822, F853
2023-08-23 16:13:10 INFO::Fitting model to feature number 823, F854
2023-08-23 16:13:10 INFO::Fitting model to feature number 824, F855
2023-08-23 16:13:10 INFO::Fitting model to feature number 825, F856
2023-08-23 16:13:10 INFO::Fitting model to feature number 826, F857
2023-08-23 16:13:10 INFO::Fitting model to feature number 827, F858
2023-08-23 16:13:10 INFO::Fitting model to feature number 828, F859
2023-08-23 16:13:10 INFO::Fitting model to feature number 829, F860
2023-08-23 16:13:10 INFO::Fitting model to feature number 830, F861
2023-08-23 16:13:10 INFO::Fitting model to feature number 831, F862
2023-08-23 16:13:10 INFO::Fitting model to feature number 832, F863
2023-08-23 16:13:10 INFO::Fitting model to feature number 833, F864
2023-08-23 16:13:10 INFO::Fitting model to feature number 834, F865
2023-08-23 16:13:10 INFO::Fitting model to feature number 835, F866
2023-08-23 16:13:10 INFO::Fitting model to feature number 836, F867
2023-08-23 16:13:10 INFO::Fitting model to feature number 837, F868
2023-08-23 16:13:10 INFO::Fitting model to feature number 838, F869
2023-08-23 16:13:10 INFO::Fitting model to feature number 839, F870
2023-08-23 16:13:10 INFO::Fitting model to feature number 840, F871
2023-08-23 16:13:10 INFO::Fitting model to feature number 841, F872
2023-08-23 16:13:10 INFO::Fitting model to feature number 842, F873
2023-08-23 16:13:10 INFO::Fitting model to feature number 843, F874
2023-08-23 16:13:10 INFO::Fitting model to feature number 844, F875
2023-08-23 16:13:10 INFO::Fitting model to feature number 845, F876
2023-08-23 16:13:10 INFO::Fitting model to feature number 846, F877
2023-08-23 16:13:10 INFO::Fitting model to feature number 847, F878
2023-08-23 16:13:10 INFO::Fitting model to feature number 848, F879
2023-08-23 16:13:10 INFO::Fitting model to feature number 849, F880
2023-08-23 16:13:10 INFO::Fitting model to feature number 850, F881
2023-08-23 16:13:10 INFO::Fitting model to feature number 851, F882
2023-08-23 16:13:10 INFO::Fitting model to feature number 852, F883
2023-08-23 16:13:10 INFO::Fitting model to feature number 853, F884
2023-08-23 16:13:10 INFO::Fitting model to feature number 854, F885
2023-08-23 16:13:10 INFO::Fitting model to feature number 855, F886
2023-08-23 16:13:10 INFO::Fitting model to feature number 856, F887
2023-08-23 16:13:10 INFO::Fitting model to feature number 857, F888
2023-08-23 16:13:10 INFO::Fitting model to feature number 858, F889
2023-08-23 16:13:10 INFO::Fitting model to feature number 859, F890
2023-08-23 16:13:10 INFO::Fitting model to feature number 860, F891
2023-08-23 16:13:10 INFO::Fitting model to feature number 861, F892
2023-08-23 16:13:10 INFO::Fitting model to feature number 862, F893
2023-08-23 16:13:10 INFO::Fitting model to feature number 863, F894
2023-08-23 16:13:10 INFO::Fitting model to feature number 864, F895
2023-08-23 16:13:10 INFO::Fitting model to feature number 865, F896
2023-08-23 16:13:10 INFO::Fitting model to feature number 866, F897
2023-08-23 16:13:10 INFO::Fitting model to feature number 867, F898
2023-08-23 16:13:10 INFO::Fitting model to feature number 868, F899
2023-08-23 16:13:10 INFO::Fitting model to feature number 869, F900
2023-08-23 16:13:10 INFO::Counting total values for each feature
2023-08-23 16:13:10 INFO::Writing residuals to file Macarron_output/maaslin2_results/residuals.rds
2023-08-23 16:13:10 INFO::Writing fitted values to file Macarron_output/maaslin2_results/fitted.rds
2023-08-23 16:13:10 INFO::Writing all results to file (ordered by increasing q-values): Macarron_output/maaslin2_results/all_results.tsv
2023-08-23 16:13:10 INFO::Writing the significant results (those which are less than or equal to the threshold of 0.250000 ) to file (ordered by increasing q-values): Macarron_output/maaslin2_results/significant_results.tsv
2023-08-23 16:13:10 INFO::Writing heatmap of significant results to file: Macarron_output/maaslin2_results/heatmap.pdf
